This is pdfTeX, Version 3.141592653-2.6-1.40.27 (TeX Live 2025) (preloaded format=pdflatex 2025.9.29)  27 OCT 2025 13:04
entering extended mode
 restricted \write18 enabled.
 file:line:error style messages enabled.
 %&-line parsing enabled.
**/Users/ruslanmv/workspace/workshop-builder/workshop_builder/src/templates/springer/template.tex
(/Users/ruslanmv/workspace/workshop-builder/workshop_builder/src/templates/springer/template.tex
LaTeX2e <2024-11-01> patch level 2
L3 programming layer <2025-01-18>

! LaTeX Error: File `svmono.cls' not found.

Type X to quit or <RETURN> to proceed,
or enter new name. (Default extension: cls)

Enter file name: 
/Users/ruslanmv/workspace/workshop-builder/workshop_builder/src/templates/springer/template.tex:16: Emergency stop.
<read *> 
         
l.16 ^^M
        
*** (cannot \read from terminal in nonstop modes)

 
Here is how much of TeX's memory you used:
 20 strings out of 473190
 667 string characters out of 5715800
 391984 words of memory out of 5000000
 23372 multiletter control sequences out of 15000+600000
 558837 words of font info for 36 fonts, out of 8000000 for 9000
 1141 hyphenation exceptions out of 8191
 19i,0n,29p,171b,17s stack positions out of 10000i,1000n,20000p,200000b,200000s
/Users/ruslanmv/workspace/workshop-builder/workshop_builder/src/templates/springer/template.tex:16:  ==> Fatal error occurred, no output PDF file produced!
